{"contracts/MultisigWallet.sol":{"l":{"47":4,"48":4,"52":2,"53":2,"57":43,"58":42,"62":19,"63":19,"67":21,"68":21,"72":19,"73":19,"77":21,"78":21,"82":11,"83":11,"87":15,"91":15,"99":6,"100":6,"113":13,"114":33,"115":33,"117":13,"118":13,"130":1,"131":1,"132":1,"142":1,"143":1,"144":2,"145":0,"146":0,"148":1,"149":1,"150":0,"151":1,"163":1,"164":3,"165":1,"166":1,"168":1,"169":1,"170":1,"171":1,"181":1,"182":1,"194":10,"195":10,"206":19,"207":19,"208":19,"219":1,"220":1,"231":20,"232":9,"233":9,"234":9,"235":8,"237":1,"238":1,"246":9,"247":9,"262":9,"273":20,"274":20,"275":45,"276":28,"277":45,"278":9,"295":10,"296":10,"302":10,"303":10,"317":3,"318":9,"319":2,"331":4,"332":4,"334":4,"344":1,"355":2,"356":2,"357":2,"358":2,"359":5,"360":4,"361":4,"363":2,"364":2,"365":4,"379":4,"380":4,"381":4,"382":4,"383":7,"386":6,"387":6,"389":4,"390":4,"391":6},"path":"/Users/gustavoguimaraes/DAPPS/zulu/multisig-wallet/contracts/MultisigWallet.sol","s":{"1":4,"2":2,"3":43,"4":19,"5":21,"6":19,"7":21,"8":11,"9":15,"10":6,"11":6,"12":13,"13":33,"14":33,"15":13,"16":13,"17":1,"18":1,"19":1,"20":1,"21":2,"22":0,"23":1,"24":1,"25":0,"26":1,"27":1,"28":3,"29":1,"30":1,"31":1,"32":1,"33":1,"34":1,"35":1,"36":10,"37":10,"38":19,"39":19,"40":19,"41":1,"42":1,"43":20,"44":9,"45":9,"46":9,"47":8,"48":1,"49":1,"50":9,"51":20,"52":20,"53":45,"54":28,"55":45,"56":9,"57":10,"58":10,"59":10,"60":10,"61":3,"62":9,"63":2,"64":4,"65":4,"66":4,"67":1,"68":2,"69":2,"70":2,"71":5,"72":4,"73":4,"74":2,"75":2,"76":4,"77":4,"78":4,"79":4,"80":7,"81":6,"82":6,"83":4,"84":4,"85":6},"b":{"1":[4,0],"2":[2,0],"3":[42,1],"4":[19,0],"5":[21,0],"6":[19,0],"7":[21,0],"8":[11,0],"9":[15,0],"10":[6,0],"11":[33,0],"12":[0,2],"13":[0,1],"14":[1,2],"15":[9,11],"16":[8,1],"17":[28,17],"18":[9,36],"19":[2,7],"20":[4,0],"21":[4,1],"22":[6,1]},"f":{"1":4,"2":2,"3":43,"4":19,"5":21,"6":19,"7":21,"8":11,"9":15,"10":6,"11":13,"12":1,"13":1,"14":1,"15":1,"16":10,"17":19,"18":1,"19":20,"20":9,"21":20,"22":10,"23":3,"24":4,"25":1,"26":2,"27":4},"fnMap":{"1":{"name":"onlyWallet","line":46,"loc":{"start":{"line":46,"column":4},"end":{"line":46,"column":23}}},"2":{"name":"ownerDoesNotExist","line":51,"loc":{"start":{"line":51,"column":4},"end":{"line":51,"column":43}}},"3":{"name":"ownerExists","line":56,"loc":{"start":{"line":56,"column":4},"end":{"line":56,"column":37}}},"4":{"name":"transactionExists","line":61,"loc":{"start":{"line":61,"column":4},"end":{"line":61,"column":48}}},"5":{"name":"confirmed","line":66,"loc":{"start":{"line":66,"column":4},"end":{"line":66,"column":55}}},"6":{"name":"notConfirmed","line":71,"loc":{"start":{"line":71,"column":4},"end":{"line":71,"column":58}}},"7":{"name":"notExecuted","line":76,"loc":{"start":{"line":76,"column":4},"end":{"line":76,"column":42}}},"8":{"name":"notNull","line":81,"loc":{"start":{"line":81,"column":4},"end":{"line":81,"column":36}}},"9":{"name":"validRequirement","line":86,"loc":{"start":{"line":86,"column":4},"end":{"line":86,"column":60}}},"10":{"name":null,"line":95,"loc":{"start":{"line":95,"column":4},"end":{"line":98,"column":5}}},"11":{"name":null,"line":109,"loc":{"start":{"line":109,"column":4},"end":{"line":112,"column":5}}},"12":{"name":"addOwner","line":123,"loc":{"start":{"line":123,"column":4},"end":{"line":129,"column":5}}},"13":{"name":"removeOwner","line":137,"loc":{"start":{"line":137,"column":4},"end":{"line":141,"column":5}}},"14":{"name":"replaceOwner","line":157,"loc":{"start":{"line":157,"column":4},"end":{"line":162,"column":5}}},"15":{"name":"changeRequirement","line":176,"loc":{"start":{"line":176,"column":4},"end":{"line":180,"column":5}}},"16":{"name":"submitTransaction","line":190,"loc":{"start":{"line":190,"column":4},"end":{"line":193,"column":5}}},"17":{"name":"confirmTransaction","line":200,"loc":{"start":{"line":200,"column":4},"end":{"line":205,"column":5}}},"18":{"name":"revokeConfirmation","line":213,"loc":{"start":{"line":213,"column":4},"end":{"line":218,"column":5}}},"19":{"name":"executeTransaction","line":225,"loc":{"start":{"line":225,"column":4},"end":{"line":230,"column":5}}},"20":{"name":"external_call","line":245,"loc":{"start":{"line":245,"column":4},"end":{"line":245,"column":109}}},"21":{"name":"isConfirmed","line":268,"loc":{"start":{"line":268,"column":4},"end":{"line":272,"column":5}}},"22":{"name":"addTransaction","line":290,"loc":{"start":{"line":290,"column":4},"end":{"line":294,"column":5}}},"23":{"name":"getConfirmationCount","line":312,"loc":{"start":{"line":312,"column":4},"end":{"line":316,"column":5}}},"24":{"name":"getTransactionCount","line":326,"loc":{"start":{"line":326,"column":4},"end":{"line":330,"column":5}}},"25":{"name":"getOwners","line":339,"loc":{"start":{"line":339,"column":4},"end":{"line":343,"column":5}}},"26":{"name":"getConfirmations","line":350,"loc":{"start":{"line":350,"column":4},"end":{"line":354,"column":5}}},"27":{"name":"getTransactionIds","line":374,"loc":{"start":{"line":374,"column":4},"end":{"line":378,"column":5}}}},"statementMap":{"1":{"start":{"line":47,"column":8},"end":{"line":47,"column":43}},"2":{"start":{"line":52,"column":8},"end":{"line":52,"column":31}},"3":{"start":{"line":57,"column":8},"end":{"line":57,"column":30}},"4":{"start":{"line":62,"column":8},"end":{"line":62,"column":60}},"5":{"start":{"line":67,"column":8},"end":{"line":67,"column":51}},"6":{"start":{"line":72,"column":8},"end":{"line":72,"column":52}},"7":{"start":{"line":77,"column":8},"end":{"line":77,"column":53}},"8":{"start":{"line":82,"column":8},"end":{"line":82,"column":29}},"9":{"start":{"line":87,"column":8},"end":{"line":87,"column":2343}},"10":{"start":{"line":99,"column":8},"end":{"line":99,"column":2634}},"11":{"start":{"line":100,"column":12},"end":{"line":100,"column":47}},"12":{"start":{"line":113,"column":8},"end":{"line":113,"column":3039}},"13":{"start":{"line":114,"column":12},"end":{"line":114,"column":59}},"14":{"start":{"line":115,"column":12},"end":{"line":115,"column":37}},"15":{"start":{"line":117,"column":8},"end":{"line":117,"column":23}},"16":{"start":{"line":118,"column":8},"end":{"line":118,"column":27}},"17":{"start":{"line":130,"column":8},"end":{"line":130,"column":28}},"18":{"start":{"line":132,"column":8},"end":{"line":132,"column":33}},"19":{"start":{"line":142,"column":8},"end":{"line":142,"column":29}},"20":{"start":{"line":143,"column":8},"end":{"line":143,"column":3931}},"21":{"start":{"line":144,"column":12},"end":{"line":144,"column":3984}},"22":{"start":{"line":145,"column":16},"end":{"line":145,"column":52}},"23":{"start":{"line":148,"column":8},"end":{"line":148,"column":25}},"24":{"start":{"line":149,"column":8},"end":{"line":149,"column":4170}},"25":{"start":{"line":150,"column":12},"end":{"line":150,"column":43}},"26":{"start":{"line":151,"column":8},"end":{"line":151,"column":32}},"27":{"start":{"line":163,"column":8},"end":{"line":163,"column":4621}},"28":{"start":{"line":164,"column":12},"end":{"line":164,"column":4670}},"29":{"start":{"line":165,"column":16},"end":{"line":165,"column":35}},"30":{"start":{"line":168,"column":8},"end":{"line":168,"column":29}},"31":{"start":{"line":169,"column":8},"end":{"line":169,"column":31}},"32":{"start":{"line":170,"column":8},"end":{"line":170,"column":32}},"33":{"start":{"line":171,"column":8},"end":{"line":171,"column":36}},"34":{"start":{"line":181,"column":8},"end":{"line":181,"column":27}},"35":{"start":{"line":182,"column":8},"end":{"line":182,"column":41}},"36":{"start":{"line":194,"column":8},"end":{"line":194,"column":63}},"37":{"start":{"line":195,"column":8},"end":{"line":195,"column":40}},"38":{"start":{"line":206,"column":8},"end":{"line":206,"column":54}},"39":{"start":{"line":207,"column":8},"end":{"line":207,"column":52}},"40":{"start":{"line":208,"column":8},"end":{"line":208,"column":40}},"41":{"start":{"line":219,"column":8},"end":{"line":219,"column":55}},"42":{"start":{"line":220,"column":8},"end":{"line":220,"column":50}},"43":{"start":{"line":231,"column":8},"end":{"line":231,"column":6974}},"44":{"start":{"line":232,"column":12},"end":{"line":232,"column":64}},"45":{"start":{"line":233,"column":12},"end":{"line":233,"column":30}},"46":{"start":{"line":234,"column":12},"end":{"line":234,"column":7124}},"47":{"start":{"line":235,"column":16},"end":{"line":235,"column":45}},"48":{"start":{"line":237,"column":16},"end":{"line":237,"column":52}},"49":{"start":{"line":238,"column":16},"end":{"line":238,"column":35}},"50":{"start":{"line":262,"column":8},"end":{"line":262,"column":21}},"51":{"start":{"line":273,"column":8},"end":{"line":273,"column":21}},"52":{"start":{"line":274,"column":8},"end":{"line":274,"column":8945}},"53":{"start":{"line":275,"column":12},"end":{"line":275,"column":9014}},"54":{"start":{"line":276,"column":16},"end":{"line":276,"column":25}},"55":{"start":{"line":277,"column":12},"end":{"line":277,"column":9100}},"56":{"start":{"line":278,"column":16},"end":{"line":278,"column":27}},"57":{"start":{"line":295,"column":8},"end":{"line":295,"column":39}},"58":{"start":{"line":296,"column":8},"end":{"line":296,"column":9690}},"59":{"start":{"line":302,"column":8},"end":{"line":302,"column":28}},"60":{"start":{"line":303,"column":8},"end":{"line":303,"column":38}},"61":{"start":{"line":317,"column":8},"end":{"line":317,"column":10277}},"62":{"start":{"line":318,"column":12},"end":{"line":318,"column":10326}},"63":{"start":{"line":319,"column":16},"end":{"line":319,"column":25}},"64":{"start":{"line":331,"column":8},"end":{"line":331,"column":10799}},"65":{"start":{"line":332,"column":12},"end":{"line":332,"column":10851}},"66":{"start":{"line":334,"column":16},"end":{"line":334,"column":25}},"67":{"start":{"line":344,"column":8},"end":{"line":344,"column":21}},"68":{"start":{"line":355,"column":8},"end":{"line":355,"column":72}},"69":{"start":{"line":356,"column":8},"end":{"line":356,"column":21}},"70":{"start":{"line":358,"column":8},"end":{"line":358,"column":11599}},"71":{"start":{"line":359,"column":12},"end":{"line":359,"column":11643}},"72":{"start":{"line":360,"column":16},"end":{"line":360,"column":51}},"73":{"start":{"line":361,"column":16},"end":{"line":361,"column":25}},"74":{"start":{"line":363,"column":8},"end":{"line":363,"column":44}},"75":{"start":{"line":364,"column":8},"end":{"line":364,"column":11881}},"76":{"start":{"line":365,"column":12},"end":{"line":365,"column":51}},"77":{"start":{"line":379,"column":8},"end":{"line":379,"column":70}},"78":{"start":{"line":380,"column":8},"end":{"line":380,"column":21}},"79":{"start":{"line":382,"column":8},"end":{"line":382,"column":12549}},"80":{"start":{"line":383,"column":12},"end":{"line":383,"column":12596}},"81":{"start":{"line":386,"column":16},"end":{"line":386,"column":44}},"82":{"start":{"line":387,"column":16},"end":{"line":387,"column":25}},"83":{"start":{"line":389,"column":8},"end":{"line":389,"column":46}},"84":{"start":{"line":390,"column":8},"end":{"line":390,"column":12906}},"85":{"start":{"line":391,"column":12},"end":{"line":391,"column":60}}},"branchMap":{"1":{"line":47,"type":"if","locations":[{"start":{"line":47,"column":8},"end":{"line":47,"column":8}},{"start":{"line":47,"column":8},"end":{"line":47,"column":8}}]},"2":{"line":52,"type":"if","locations":[{"start":{"line":52,"column":8},"end":{"line":52,"column":8}},{"start":{"line":52,"column":8},"end":{"line":52,"column":8}}]},"3":{"line":57,"type":"if","locations":[{"start":{"line":57,"column":8},"end":{"line":57,"column":8}},{"start":{"line":57,"column":8},"end":{"line":57,"column":8}}]},"4":{"line":62,"type":"if","locations":[{"start":{"line":62,"column":8},"end":{"line":62,"column":8}},{"start":{"line":62,"column":8},"end":{"line":62,"column":8}}]},"5":{"line":67,"type":"if","locations":[{"start":{"line":67,"column":8},"end":{"line":67,"column":8}},{"start":{"line":67,"column":8},"end":{"line":67,"column":8}}]},"6":{"line":72,"type":"if","locations":[{"start":{"line":72,"column":8},"end":{"line":72,"column":8}},{"start":{"line":72,"column":8},"end":{"line":72,"column":8}}]},"7":{"line":77,"type":"if","locations":[{"start":{"line":77,"column":8},"end":{"line":77,"column":8}},{"start":{"line":77,"column":8},"end":{"line":77,"column":8}}]},"8":{"line":82,"type":"if","locations":[{"start":{"line":82,"column":8},"end":{"line":82,"column":8}},{"start":{"line":82,"column":8},"end":{"line":82,"column":8}}]},"9":{"line":87,"type":"if","locations":[{"start":{"line":87,"column":8},"end":{"line":87,"column":8}},{"start":{"line":87,"column":8},"end":{"line":87,"column":8}}]},"10":{"line":99,"type":"if","locations":[{"start":{"line":99,"column":8},"end":{"line":99,"column":8}},{"start":{"line":99,"column":8},"end":{"line":99,"column":8}}]},"11":{"line":114,"type":"if","locations":[{"start":{"line":114,"column":12},"end":{"line":114,"column":12}},{"start":{"line":114,"column":12},"end":{"line":114,"column":12}}]},"12":{"line":144,"type":"if","locations":[{"start":{"line":144,"column":12},"end":{"line":144,"column":12}},{"start":{"line":144,"column":12},"end":{"line":144,"column":12}}]},"13":{"line":149,"type":"if","locations":[{"start":{"line":149,"column":8},"end":{"line":149,"column":8}},{"start":{"line":149,"column":8},"end":{"line":149,"column":8}}]},"14":{"line":164,"type":"if","locations":[{"start":{"line":164,"column":12},"end":{"line":164,"column":12}},{"start":{"line":164,"column":12},"end":{"line":164,"column":12}}]},"15":{"line":231,"type":"if","locations":[{"start":{"line":231,"column":8},"end":{"line":231,"column":8}},{"start":{"line":231,"column":8},"end":{"line":231,"column":8}}]},"16":{"line":234,"type":"if","locations":[{"start":{"line":234,"column":12},"end":{"line":234,"column":12}},{"start":{"line":234,"column":12},"end":{"line":234,"column":12}}]},"17":{"line":275,"type":"if","locations":[{"start":{"line":275,"column":12},"end":{"line":275,"column":12}},{"start":{"line":275,"column":12},"end":{"line":275,"column":12}}]},"18":{"line":277,"type":"if","locations":[{"start":{"line":277,"column":12},"end":{"line":277,"column":12}},{"start":{"line":277,"column":12},"end":{"line":277,"column":12}}]},"19":{"line":318,"type":"if","locations":[{"start":{"line":318,"column":12},"end":{"line":318,"column":12}},{"start":{"line":318,"column":12},"end":{"line":318,"column":12}}]},"20":{"line":332,"type":"if","locations":[{"start":{"line":332,"column":12},"end":{"line":332,"column":12}},{"start":{"line":332,"column":12},"end":{"line":332,"column":12}}]},"21":{"line":359,"type":"if","locations":[{"start":{"line":359,"column":12},"end":{"line":359,"column":12}},{"start":{"line":359,"column":12},"end":{"line":359,"column":12}}]},"22":{"line":383,"type":"if","locations":[{"start":{"line":383,"column":12},"end":{"line":383,"column":12}},{"start":{"line":383,"column":12},"end":{"line":383,"column":12}}]}}},"contracts/MultiSigWalletFactory.sol":{"l":{"29":2,"40":4,"41":4,"42":4,"61":4,"62":4},"path":"/Users/gustavoguimaraes/DAPPS/zulu/multisig-wallet/contracts/MultiSigWalletFactory.sol","s":{"1":2,"2":4,"3":4,"4":4,"5":4},"b":{},"f":{"1":2,"2":4,"3":4},"fnMap":{"1":{"name":"getInstantiationCount","line":24,"loc":{"start":{"line":24,"column":4},"end":{"line":28,"column":5}}},"2":{"name":"register","line":37,"loc":{"start":{"line":37,"column":4},"end":{"line":39,"column":5}}},"3":{"name":"create","line":57,"loc":{"start":{"line":57,"column":4},"end":{"line":60,"column":5}}}},"statementMap":{"1":{"start":{"line":29,"column":8},"end":{"line":29,"column":45}},"2":{"start":{"line":40,"column":8},"end":{"line":40,"column":44}},"3":{"start":{"line":42,"column":8},"end":{"line":42,"column":61}},"4":{"start":{"line":61,"column":8},"end":{"line":61,"column":54}},"5":{"start":{"line":62,"column":8},"end":{"line":62,"column":23}}},"branchMap":{}}}