TN:
SF:/Users/gustavoguimaraes/DAPPS/zulu/multisig-wallet/contracts/MultisigWallet.sol
FN:46,onlyWallet
FN:51,ownerDoesNotExist
FN:56,ownerExists
FN:61,transactionExists
FN:66,confirmed
FN:71,notConfirmed
FN:76,notExecuted
FN:81,notNull
FN:86,validRequirement
FN:95,
FN:109,
FN:123,addOwner
FN:137,removeOwner
FN:157,replaceOwner
FN:176,changeRequirement
FN:190,submitTransaction
FN:200,confirmTransaction
FN:213,revokeConfirmation
FN:225,executeTransaction
FN:245,external_call
FN:268,isConfirmed
FN:290,addTransaction
FN:312,getConfirmationCount
FN:326,getTransactionCount
FN:339,getOwners
FN:350,getConfirmations
FN:374,getTransactionIds
FNF:27
FNH:27
FNDA:4,onlyWallet
FNDA:2,ownerDoesNotExist
FNDA:43,ownerExists
FNDA:19,transactionExists
FNDA:21,confirmed
FNDA:19,notConfirmed
FNDA:21,notExecuted
FNDA:11,notNull
FNDA:15,validRequirement
FNDA:6,
FNDA:13,
FNDA:1,addOwner
FNDA:1,removeOwner
FNDA:1,replaceOwner
FNDA:1,changeRequirement
FNDA:10,submitTransaction
FNDA:19,confirmTransaction
FNDA:1,revokeConfirmation
FNDA:20,executeTransaction
FNDA:9,external_call
FNDA:20,isConfirmed
FNDA:10,addTransaction
FNDA:3,getConfirmationCount
FNDA:4,getTransactionCount
FNDA:1,getOwners
FNDA:2,getConfirmations
FNDA:4,getTransactionIds
DA:47,4
DA:48,4
DA:52,2
DA:53,2
DA:57,43
DA:58,42
DA:62,19
DA:63,19
DA:67,21
DA:68,21
DA:72,19
DA:73,19
DA:77,21
DA:78,21
DA:82,11
DA:83,11
DA:87,15
DA:91,15
DA:99,6
DA:100,6
DA:113,13
DA:114,33
DA:115,33
DA:117,13
DA:118,13
DA:130,1
DA:131,1
DA:132,1
DA:142,1
DA:143,1
DA:144,2
DA:145,0
DA:146,0
DA:148,1
DA:149,1
DA:150,0
DA:151,1
DA:163,1
DA:164,3
DA:165,1
DA:166,1
DA:168,1
DA:169,1
DA:170,1
DA:171,1
DA:181,1
DA:182,1
DA:194,10
DA:195,10
DA:206,19
DA:207,19
DA:208,19
DA:219,1
DA:220,1
DA:231,20
DA:232,9
DA:233,9
DA:234,9
DA:235,8
DA:237,1
DA:238,1
DA:246,9
DA:247,9
DA:262,9
DA:273,20
DA:274,20
DA:275,45
DA:276,28
DA:277,45
DA:278,9
DA:295,10
DA:296,10
DA:302,10
DA:303,10
DA:317,3
DA:318,9
DA:319,2
DA:331,4
DA:332,4
DA:334,4
DA:344,1
DA:355,2
DA:356,2
DA:357,2
DA:358,2
DA:359,5
DA:360,4
DA:361,4
DA:363,2
DA:364,2
DA:365,4
DA:379,4
DA:380,4
DA:381,4
DA:382,4
DA:383,7
DA:386,6
DA:387,6
DA:389,4
DA:390,4
DA:391,6
LF:101
LH:98
BRDA:47,1,0,4
BRDA:47,1,1,0
BRDA:52,2,0,2
BRDA:52,2,1,0
BRDA:57,3,0,42
BRDA:57,3,1,1
BRDA:62,4,0,19
BRDA:62,4,1,0
BRDA:67,5,0,21
BRDA:67,5,1,0
BRDA:72,6,0,19
BRDA:72,6,1,0
BRDA:77,7,0,21
BRDA:77,7,1,0
BRDA:82,8,0,11
BRDA:82,8,1,0
BRDA:87,9,0,15
BRDA:87,9,1,0
BRDA:99,10,0,6
BRDA:99,10,1,0
BRDA:114,11,0,33
BRDA:114,11,1,0
BRDA:144,12,0,0
BRDA:144,12,1,2
BRDA:149,13,0,0
BRDA:149,13,1,1
BRDA:164,14,0,1
BRDA:164,14,1,2
BRDA:231,15,0,9
BRDA:231,15,1,11
BRDA:234,16,0,8
BRDA:234,16,1,1
BRDA:275,17,0,28
BRDA:275,17,1,17
BRDA:277,18,0,9
BRDA:277,18,1,36
BRDA:318,19,0,2
BRDA:318,19,1,7
BRDA:332,20,0,4
BRDA:332,20,1,0
BRDA:359,21,0,4
BRDA:359,21,1,1
BRDA:383,22,0,6
BRDA:383,22,1,1
BRF:44
BRH:31
end_of_record
TN:
SF:/Users/gustavoguimaraes/DAPPS/zulu/multisig-wallet/contracts/MultiSigWalletFactory.sol
FN:24,getInstantiationCount
FN:37,register
FN:57,create
FNF:3
FNH:3
FNDA:2,getInstantiationCount
FNDA:4,register
FNDA:4,create
DA:29,2
DA:40,4
DA:41,4
DA:42,4
DA:61,4
DA:62,4
LF:6
LH:6
BRF:0
BRH:0
end_of_record
